<?xml version="1.0" encoding="UTF-8"?>
<testsuite xmlns:xsi="http://www.w3.org/2001/XMLSchema-instance" xsi:noNamespaceSchemaLocation="https://maven.apache.org/surefire/maven-surefire-plugin/xsd/surefire-test-report.xsd" name="GameTest" time="0.106" tests="6" errors="0" skipped="0" failures="0">
  <properties>
[...]
</properties>
  <testcase name="registerTest" classname="GameTest" time="0.055"/>
  <testcase name="playerName2ExceptionTest" classname="GameTest" time="0.016"/>
  <testcase name="playerName1ExceptionTest" classname="GameTest" time="0.002"/>
  <testcase name="roundTied" classname="GameTest" time="0.002"/>
  <testcase name="roundWinSecond" classname="GameTest" time="0.001"/>
  <testcase name="roundWinFirst" classname="GameTest" time="0.001"/>
</testsuite>